<?xml version="1.0" encoding="UTF-8"?>
<testng-results skipped="0" failed="0" total="7" passed="7">
  <reporter-output>
  </reporter-output>
  <suite name="Default suite" duration-ms="55" started-at="2015-02-18T12:23:59Z" finished-at="2015-02-18T12:23:59Z">
    <groups>
    </groups>
    <test name="Default test" duration-ms="55" started-at="2015-02-18T12:23:59Z" finished-at="2015-02-18T12:23:59Z">
      <class name="com.epam.exercise3.IntegerStackTest">
        <test-method status="PASS" signature="setUp()[pri:0, instance:com.epam.exercise3.IntegerStackTest@60cb7d7c]" name="setUp" is-config="true" duration-ms="8" started-at="2015-02-18T13:23:59Z" finished-at="2015-02-18T13:23:59Z">
          <reporter-output>
          </reporter-output>
        </test-method> <!-- setUp -->
        <test-method status="PASS" signature="testCountWhenEmptyThenZero()[pri:0, instance:com.epam.exercise3.IntegerStackTest@60cb7d7c]" name="testCountWhenEmptyThenZero" duration-ms="8" started-at="2015-02-18T13:23:59Z" finished-at="2015-02-18T13:23:59Z">
          <reporter-output>
          </reporter-output>
        </test-method> <!-- testCountWhenEmptyThenZero -->
        <test-method status="PASS" signature="setUp()[pri:0, instance:com.epam.exercise3.IntegerStackTest@60cb7d7c]" name="setUp" is-config="true" duration-ms="0" started-at="2015-02-18T13:23:59Z" finished-at="2015-02-18T13:23:59Z">
          <reporter-output>
          </reporter-output>
        </test-method> <!-- setUp -->
        <test-method status="PASS" signature="testCountWhenMorePushedPopedThenCorrect()[pri:0, instance:com.epam.exercise3.IntegerStackTest@60cb7d7c]" name="testCountWhenMorePushedPopedThenCorrect" duration-ms="0" started-at="2015-02-18T13:23:59Z" finished-at="2015-02-18T13:23:59Z">
          <reporter-output>
          </reporter-output>
        </test-method> <!-- testCountWhenMorePushedPopedThenCorrect -->
        <test-method status="PASS" signature="setUp()[pri:0, instance:com.epam.exercise3.IntegerStackTest@60cb7d7c]" name="setUp" is-config="true" duration-ms="0" started-at="2015-02-18T13:23:59Z" finished-at="2015-02-18T13:23:59Z">
          <reporter-output>
          </reporter-output>
        </test-method> <!-- setUp -->
        <test-method status="PASS" signature="testCountWhenMorePushedThenMore()[pri:0, instance:com.epam.exercise3.IntegerStackTest@60cb7d7c]" name="testCountWhenMorePushedThenMore" duration-ms="0" started-at="2015-02-18T13:23:59Z" finished-at="2015-02-18T13:23:59Z">
          <reporter-output>
          </reporter-output>
        </test-method> <!-- testCountWhenMorePushedThenMore -->
        <test-method status="PASS" signature="setUp()[pri:0, instance:com.epam.exercise3.IntegerStackTest@60cb7d7c]" name="setUp" is-config="true" duration-ms="0" started-at="2015-02-18T13:23:59Z" finished-at="2015-02-18T13:23:59Z">
          <reporter-output>
          </reporter-output>
        </test-method> <!-- setUp -->
        <test-method status="PASS" signature="testCountWhenOnePushedThenOne()[pri:0, instance:com.epam.exercise3.IntegerStackTest@60cb7d7c]" name="testCountWhenOnePushedThenOne" duration-ms="0" started-at="2015-02-18T13:23:59Z" finished-at="2015-02-18T13:23:59Z">
          <reporter-output>
          </reporter-output>
        </test-method> <!-- testCountWhenOnePushedThenOne -->
        <test-method status="PASS" signature="testPushPopWhenNonEmptyAndPushValidThenPopTheSame()[pri:0, instance:com.epam.exercise3.IntegerStackTest@60cb7d7c]" name="testPushPopWhenNonEmptyAndPushValidThenPopTheSame" duration-ms="0" started-at="2015-02-18T13:23:59Z" finished-at="2015-02-18T13:23:59Z">
          <reporter-output>
          </reporter-output>
        </test-method> <!-- testPushPopWhenNonEmptyAndPushValidThenPopTheSame -->
        <test-method status="PASS" signature="setUp()[pri:0, instance:com.epam.exercise3.IntegerStackTest@60cb7d7c]" name="setUp" is-config="true" duration-ms="0" started-at="2015-02-18T13:23:59Z" finished-at="2015-02-18T13:23:59Z">
          <reporter-output>
          </reporter-output>
        </test-method> <!-- setUp -->
        <test-method status="PASS" signature="setUp()[pri:0, instance:com.epam.exercise3.IntegerStackTest@60cb7d7c]" name="setUp" is-config="true" duration-ms="0" started-at="2015-02-18T13:23:59Z" finished-at="2015-02-18T13:23:59Z">
          <reporter-output>
          </reporter-output>
        </test-method> <!-- setUp -->
        <test-method status="PASS" signature="testPushPopWhenValidThenPopTheSame()[pri:0, instance:com.epam.exercise3.IntegerStackTest@60cb7d7c]" name="testPushPopWhenValidThenPopTheSame" duration-ms="0" started-at="2015-02-18T13:23:59Z" finished-at="2015-02-18T13:23:59Z">
          <reporter-output>
          </reporter-output>
        </test-method> <!-- testPushPopWhenValidThenPopTheSame -->
        <test-method status="PASS" signature="testPushWhenNullThenException()[pri:0, instance:com.epam.exercise3.IntegerStackTest@60cb7d7c]" name="testPushWhenNullThenException" duration-ms="0" started-at="2015-02-18T13:23:59Z" finished-at="2015-02-18T13:23:59Z">
          <exception class="java.lang.IllegalArgumentException">
            <full-stacktrace>
              <![CDATA[java.lang.IllegalArgumentException
	at com.epam.exercise3.IntegerStack.validateNotNull(IntegerStack.java:23)
	at com.epam.exercise3.IntegerStack.push(IntegerStack.java:7)
	at com.epam.exercise3.IntegerStackTest.testPushWhenNullThenException(IntegerStackTest.java:21)
	at sun.reflect.NativeMethodAccessorImpl.invoke0(Native Method)
	at sun.reflect.NativeMethodAccessorImpl.invoke(Unknown Source)
	at sun.reflect.DelegatingMethodAccessorImpl.invoke(Unknown Source)
	at java.lang.reflect.Method.invoke(Unknown Source)
	at org.testng.internal.MethodInvocationHelper.invokeMethod(MethodInvocationHelper.java:84)
	at org.testng.internal.Invoker.invokeMethod(Invoker.java:714)
	at org.testng.internal.Invoker.invokeTestMethod(Invoker.java:901)
	at org.testng.internal.Invoker.invokeTestMethods(Invoker.java:1231)
	at org.testng.internal.TestMethodWorker.invokeTestMethods(TestMethodWorker.java:127)
	at org.testng.internal.TestMethodWorker.run(TestMethodWorker.java:111)
	at org.testng.TestRunner.privateRun(TestRunner.java:767)
	at org.testng.TestRunner.run(TestRunner.java:617)
	at org.testng.SuiteRunner.runTest(SuiteRunner.java:334)
	at org.testng.SuiteRunner.runSequentially(SuiteRunner.java:329)
	at org.testng.SuiteRunner.privateRun(SuiteRunner.java:291)
	at org.testng.SuiteRunner.run(SuiteRunner.java:240)
	at org.testng.SuiteRunnerWorker.runSuite(SuiteRunnerWorker.java:52)
	at org.testng.SuiteRunnerWorker.run(SuiteRunnerWorker.java:86)
	at org.testng.TestNG.runSuitesSequentially(TestNG.java:1224)
	at org.testng.TestNG.runSuitesLocally(TestNG.java:1149)
	at org.testng.TestNG.run(TestNG.java:1057)
	at org.testng.remote.RemoteTestNG.run(RemoteTestNG.java:111)
	at org.testng.remote.RemoteTestNG.initAndRun(RemoteTestNG.java:204)
	at org.testng.remote.RemoteTestNG.main(RemoteTestNG.java:175)
]]>
            </full-stacktrace>
          </exception> <!-- java.lang.IllegalArgumentException -->
          <reporter-output>
          </reporter-output>
        </test-method> <!-- testPushWhenNullThenException -->
        <test-method status="PASS" signature="setUp()[pri:0, instance:com.epam.exercise3.IntegerStackTest@60cb7d7c]" name="setUp" is-config="true" duration-ms="0" started-at="2015-02-18T13:23:59Z" finished-at="2015-02-18T13:23:59Z">
          <reporter-output>
          </reporter-output>
        </test-method> <!-- setUp -->
      </class> <!-- com.epam.exercise3.IntegerStackTest -->
    </test> <!-- Default test -->
  </suite> <!-- Default suite -->
</testng-results>
